build/app/intermediates/manifest_merge_blame_file/release/manifest-merger-blame-release-report.txt
1<?xml version="1.0" encoding="utf-8"?>
2<manifest xmlns:android="http://schemas.android.com/apk/res/android"
3    package="androx.fitness_app_megahack"
4    android:versionCode="1"
5    android:versionName="1.0.0" >
6
7    <uses-sdk
8        android:minSdkVersion="20"
8-->src\main\AndroidManifest.xml
9        android:targetSdkVersion="28" />
9-->src\main\AndroidManifest.xml
10    <!-- Include required permissions for Google Maps API to run. -->
11    <uses-permission android:name="android.permission.ACCESS_NETWORK_STATE" />
11-->[com.google.android.gms:play-services-maps:17.0.0] AndroidManifest.xml:23:5-79
11-->[com.google.android.gms:play-services-maps:17.0.0] AndroidManifest.xml:23:22-76
12    <uses-permission android:name="android.permission.INTERNET" />
12-->[com.google.android.gms:play-services-maps:17.0.0] AndroidManifest.xml:24:5-67
12-->[com.google.android.gms:play-services-maps:17.0.0] AndroidManifest.xml:24:22-64
13
14    <uses-feature
14-->[com.google.android.gms:play-services-maps:17.0.0] AndroidManifest.xml:26:5-28:35
15        android:glEsVersion="0x00020000"
15-->[com.google.android.gms:play-services-maps:17.0.0] AndroidManifest.xml:27:9-41
16        android:required="true" />
16-->[com.google.android.gms:play-services-maps:17.0.0] AndroidManifest.xml:28:9-32
17    <!--
18 io.flutter.app.FlutterApplication is an android.app.Application that
19         calls FlutterMain.startInitialization(this); in its onCreate method.
20         In most cases you can leave this as-is, but you if you want to provide
21         additional functionality it is fine to subclass or reimplement
22         FlutterApplication and put your custom class here.
23    -->
24    <application
24-->src\main\AndroidManifest.xml:8:5-32:19
25        android:name="io.flutter.app.FlutterApplication"
25-->src\main\AndroidManifest.xml:9:9-57
26        android:appComponentFactory="androidx.core.app.CoreComponentFactory"
26-->[androidx.core:core:1.1.0] AndroidManifest.xml:24:18-86
27        android:icon="@mipmap/ic_launcher"
27-->src\main\AndroidManifest.xml:11:9-43
28        android:label="AI Health Coach" >
28-->src\main\AndroidManifest.xml:10:9-40
29        <meta-data
29-->src\main\AndroidManifest.xml:12:10-14:66
30            android:name="com.google.android.geo.API_KEY"
30-->src\main\AndroidManifest.xml:13:9-54
31            android:value="AIzaSyCq2piZs7qOTSMkS8XYzetA8ePZLlsWbU8" />
31-->src\main\AndroidManifest.xml:14:9-64
32
33        <activity
33-->src\main\AndroidManifest.xml:15:9-26:20
34            android:name="androx.fitness_app_megahack.MainActivity"
34-->src\main\AndroidManifest.xml:16:13-41
35            android:configChanges="orientation|keyboardHidden|keyboard|screenSize|smallestScreenSize|locale|layoutDirection|fontScale|screenLayout|density|uiMode"
35-->src\main\AndroidManifest.xml:19:13-163
36            android:hardwareAccelerated="true"
36-->src\main\AndroidManifest.xml:20:13-47
37            android:launchMode="singleTop"
37-->src\main\AndroidManifest.xml:17:13-43
38            android:theme="@style/LaunchTheme"
38-->src\main\AndroidManifest.xml:18:13-47
39            android:windowSoftInputMode="adjustResize" >
39-->src\main\AndroidManifest.xml:21:13-55
40            <intent-filter>
40-->src\main\AndroidManifest.xml:22:13-25:29
41                <action android:name="android.intent.action.MAIN" />
41-->src\main\AndroidManifest.xml:23:17-68
41-->src\main\AndroidManifest.xml:23:25-66
42
43                <category android:name="android.intent.category.LAUNCHER" />
43-->src\main\AndroidManifest.xml:24:17-76
43-->src\main\AndroidManifest.xml:24:27-74
44            </intent-filter>
45        </activity>
46        <!--
47             Don't delete the meta-data below.
48             This is used by the Flutter tool to generate GeneratedPluginRegistrant.java
49        -->
50        <meta-data
50-->src\main\AndroidManifest.xml:29:9-31:33
51            android:name="flutterEmbedding"
51-->src\main\AndroidManifest.xml:30:13-44
52            android:value="2" />
52-->src\main\AndroidManifest.xml:31:13-30
53        <!-- Needs to be explicitly declared on P+ -->
54        <uses-library
54-->[com.google.android.gms:play-services-maps:17.0.0] AndroidManifest.xml:33:9-35:40
55            android:name="org.apache.http.legacy"
55-->[com.google.android.gms:play-services-maps:17.0.0] AndroidManifest.xml:34:13-50
56            android:required="false" />
56-->[com.google.android.gms:play-services-maps:17.0.0] AndroidManifest.xml:35:13-37
57
58        <activity
58-->[com.google.android.gms:play-services-base:17.0.0] AndroidManifest.xml:23:9-26:75
59            android:name="com.google.android.gms.common.api.GoogleApiActivity"
59-->[com.google.android.gms:play-services-base:17.0.0] AndroidManifest.xml:24:13-79
60            android:exported="false"
60-->[com.google.android.gms:play-services-base:17.0.0] AndroidManifest.xml:25:13-37
61            android:theme="@android:style/Theme.Translucent.NoTitleBar" />
61-->[com.google.android.gms:play-services-base:17.0.0] AndroidManifest.xml:26:13-72
62
63        <meta-data
63-->[com.google.android.gms:play-services-basement:17.0.0] AndroidManifest.xml:23:9-25:69
64            android:name="com.google.android.gms.version"
64-->[com.google.android.gms:play-services-basement:17.0.0] AndroidManifest.xml:24:13-58
65            android:value="@integer/google_play_services_version" />
65-->[com.google.android.gms:play-services-basement:17.0.0] AndroidManifest.xml:25:13-66
66    </application>
67
68</manifest>